<?xml version="1.0" encoding="UTF-8"?>
<!-- Generated by org.testng.reporters.JUnitReportReporter -->
<testsuite hostname="Robins-MacBook-Pro-2.local" name="com.facebook.presto.bloomfilter.TestBloomFilter" tests="2" failures="0" timestamp="7 Aug 2015 09:05:04 GMT" time="0.114" errors="0">
  <testcase name="testBloomFilterElementExists" time="0.072" classname="com.facebook.presto.bloomfilter.TestBloomFilter"/>
  <testcase name="testBloomFilterCreate" time="0.042" classname="com.facebook.presto.bloomfilter.TestBloomFilter"/>
</testsuite> <!-- com.facebook.presto.bloomfilter.TestBloomFilter -->
