<?xml version="1.0" encoding="UTF-8"?>
<!-- Generated by org.testng.reporters.JUnitReportReporter -->
<testsuite hostname="Robins-MacBook-Pro-2.local" name="com.facebook.presto.bloomfilter.TestBloomFilterQueries" tests="2" failures="0" timestamp="7 Aug 2015 15:00:51 GMT" time="2.620" errors="0">
  <testcase name="testBloomFiltersTypeConversions" time="0.743" classname="com.facebook.presto.bloomfilter.TestBloomFilterQueries"/>
  <testcase name="testBloomFilters" time="1.877" classname="com.facebook.presto.bloomfilter.TestBloomFilterQueries"/>
</testsuite> <!-- com.facebook.presto.bloomfilter.TestBloomFilterQueries -->
