<?xml version="1.0" encoding="UTF-8"?>
<!-- Generated by org.testng.reporters.JUnitReportReporter -->
<testsuite hostname="Robins-MacBook-Pro-2.local" name="com.facebook.presto.bloomfilter.TestBloomFilterQueries" tests="2" failures="0" timestamp="7 Aug 2015 13:30:42 GMT" time="3.946" errors="0">
  <testcase name="testBloomFiltersTypeConversions" time="1.155" classname="com.facebook.presto.bloomfilter.TestBloomFilterQueries"/>
  <testcase name="testBloomFilters" time="2.791" classname="com.facebook.presto.bloomfilter.TestBloomFilterQueries"/>
</testsuite> <!-- com.facebook.presto.bloomfilter.TestBloomFilterQueries -->
