<?xml version="1.0" encoding="UTF-8"?>
<!-- Generated by org.testng.reporters.JUnitReportReporter -->
<testsuite hostname="Robins-MacBook-Pro.local" name="com.facebook.presto.bloomfilter.TestBloomFilter" tests="3" failures="0" timestamp="8 Aug 2015 10:14:30 GMT" time="0.124" errors="0">
  <testcase name="testBloomFilterElementExists" time="0.050" classname="com.facebook.presto.bloomfilter.TestBloomFilter"/>
  <testcase name="testBloomFilterCreate" time="0.037" classname="com.facebook.presto.bloomfilter.TestBloomFilter"/>
  <testcase name="testBloomFilterSizeEstimation" time="0.037" classname="com.facebook.presto.bloomfilter.TestBloomFilter"/>
</testsuite> <!-- com.facebook.presto.bloomfilter.TestBloomFilter -->
