<?xml version="1.0" encoding="UTF-8"?>
<!-- Generated by org.testng.reporters.JUnitReportReporter -->
<testsuite hostname="Robins-MacBook-Pro.local" name="com.facebook.presto.bloomfilter.TestBloomFilterSerialization" tests="1" failures="0" timestamp="8 Aug 2015 10:28:54 GMT" time="0.619" errors="0">
  <testcase name="testBloomFilterCreate" time="0.619" classname="com.facebook.presto.bloomfilter.TestBloomFilterSerialization"/>
</testsuite> <!-- com.facebook.presto.bloomfilter.TestBloomFilterSerialization -->
