<?xml version="1.0" encoding="UTF-8"?>
<!-- Generated by org.testng.reporters.JUnitReportReporter -->
<testsuite hostname="Robins-MacBook-Pro.local" name="com.facebook.presto.bloomfilter.TestBloomFilterQueries" tests="2" failures="0" timestamp="8 Aug 2015 10:28:54 GMT" time="2.930" errors="0">
  <testcase name="testBloomFilters" time="2.035" classname="com.facebook.presto.bloomfilter.TestBloomFilterQueries"/>
  <testcase name="testBloomFiltersTypeConversions" time="0.895" classname="com.facebook.presto.bloomfilter.TestBloomFilterQueries"/>
</testsuite> <!-- com.facebook.presto.bloomfilter.TestBloomFilterQueries -->
