<?xml version="1.0" encoding="UTF-8"?>
<!-- Generated by org.testng.reporters.JUnitReportReporter -->
<testsuite hostname="Robins-MacBook-Pro-2.local" name="com.facebook.presto.bloomfilter.TestBloomFilterSerialization" tests="1" failures="0" timestamp="7 Aug 2015 13:38:04 GMT" time="0.362" errors="0">
  <testcase name="testBloomFilterCreate" time="0.362" classname="com.facebook.presto.bloomfilter.TestBloomFilterSerialization"/>
</testsuite> <!-- com.facebook.presto.bloomfilter.TestBloomFilterSerialization -->
