<?xml version="1.0" encoding="UTF-8"?>
<!-- Generated by org.testng.reporters.JUnitReportReporter -->
<testsuite hostname="Robins-MacBook-Pro-2.local" name="com.facebook.presto.bloomfilter.TestBloomFilter" tests="3" failures="0" timestamp="7 Aug 2015 13:38:04 GMT" time="0.103" errors="0">
  <testcase name="testBloomFilterElementExists" time="0.039" classname="com.facebook.presto.bloomfilter.TestBloomFilter"/>
  <testcase name="testBloomFilterSizeEstimation" time="0.032" classname="com.facebook.presto.bloomfilter.TestBloomFilter"/>
  <testcase name="testBloomFilterCreate" time="0.032" classname="com.facebook.presto.bloomfilter.TestBloomFilter"/>
</testsuite> <!-- com.facebook.presto.bloomfilter.TestBloomFilter -->
